1621598810270	geckodriver	INFO	Listening on 127.0.0.1:53276
1621598813349	mozrunner::runner	INFO	Running command: "C:\\Program Files\\Mozilla Firefox\\firefox.exe" "--marionette" "-foreground" "-no-remote" "-profile" "C:\\Users\\migue\\AppData\\Local\\Temp\\rust_mozprofile3VISad"
console.warn: SearchSettings: "get: No settings file exists, new profile?" (new Error("", "(unknown module)"))
1621598819251	Marionette	INFO	Listening on port 53286
1621598819710	Marionette	WARN	TLS certificate errors will be ignored for this session
JavaScript error: https://a2oj.netlify.app/codeforces.html?handle=mrm36, line 538: TypeError: google.visualization.arrayToDataTable is not a constructor
JavaScript error: https://a2oj.netlify.app/codeforces.html?handle=mrm36, line 972: TypeError: document.querySelector(...) is null
1621598837202	Marionette	INFO	Stopped listening on port 53286
JavaScript error: resource://gre/modules/UrlClassifierListManager.jsm, line 691: TypeError: this.tablesData[table] is undefined

###!!! [Child][RunMessage] Error: Channel closing: too late to send/recv, messages will be lost

1621598839202	geckodriver	INFO	Listening on 127.0.0.1:53360
1621598842245	mozrunner::runner	INFO	Running command: "C:\\Program Files\\Mozilla Firefox\\firefox.exe" "--marionette" "-foreground" "-no-remote" "-profile" "C:\\Users\\migue\\AppData\\Local\\Temp\\rust_mozprofilezYHpJY"
console.warn: SearchSettings: "get: No settings file exists, new profile?" (new Error("", "(unknown module)"))
1621598847997	Marionette	INFO	Listening on port 53369
1621598848168	Marionette	WARN	TLS certificate errors will be ignored for this session
JavaScript error: https://a2oj.netlify.app/codeforces.html?handle=KC2002, line 972: TypeError: document.querySelector(...) is null
1621598862907	Marionette	INFO	Stopped listening on port 53369

###!!! [Child][RunMessage] Error: Channel closing: too late to send/recv, messages will be lost

1621599364688	geckodriver	INFO	Listening on 127.0.0.1:53604
1621599367730	mozrunner::runner	INFO	Running command: "C:\\Program Files\\Mozilla Firefox\\firefox.exe" "--marionette" "-foreground" "-no-remote" "-profile" "C:\\Users\\migue\\AppData\\Local\\Temp\\rust_mozprofileamgc2O"
console.warn: SearchSettings: "get: No settings file exists, new profile?" (new Error("", "(unknown module)"))
1621599374126	Marionette	INFO	Listening on port 53612
1621599374234	Marionette	WARN	TLS certificate errors will be ignored for this session
JavaScript error: https://a2oj.netlify.app/codeforces.html?handle=Ahmad_Zaaroura, line 549: TypeError: google.visualization.PieChart is not a constructor
JavaScript error: https://a2oj.netlify.app/codeforces.html?handle=Ahmad_Zaaroura, line 972: TypeError: document.querySelector(...) is null
1621599392690	Marionette	INFO	Stopped listening on port 53612

###!!! [Child][RunMessage] Error: Channel closing: too late to send/recv, messages will be lost

1621599454784	geckodriver	INFO	Listening on 127.0.0.1:53690
1621599457854	mozrunner::runner	INFO	Running command: "C:\\Program Files\\Mozilla Firefox\\firefox.exe" "--marionette" "-foreground" "-no-remote" "-profile" "C:\\Users\\migue\\AppData\\Local\\Temp\\rust_mozprofileEkAI1A"
console.warn: SearchSettings: "get: No settings file exists, new profile?" (new Error("", "(unknown module)"))
1621599463547	Marionette	INFO	Listening on port 53698
1621599463741	Marionette	WARN	TLS certificate errors will be ignored for this session
JavaScript error: https://a2oj.netlify.app/codeforces.html?handle=Ahmad_Zaaroura, line 549: TypeError: google.visualization.PieChart is not a constructor
JavaScript error: https://a2oj.netlify.app/codeforces.html?handle=Ahmad_Zaaroura, line 972: TypeError: document.querySelector(...) is null
1621599480508	Marionette	INFO	Stopped listening on port 53698
JavaScript error: resource://gre/modules/UrlClassifierListManager.jsm, line 691: TypeError: this.tablesData[table] is undefined

###!!! [Child][RunMessage] Error: Channel closing: too late to send/recv, messages will be lost

1621599483139	geckodriver	INFO	Listening on 127.0.0.1:53758
1621599486221	mozrunner::runner	INFO	Running command: "C:\\Program Files\\Mozilla Firefox\\firefox.exe" "--marionette" "-foreground" "-no-remote" "-profile" "C:\\Users\\migue\\AppData\\Local\\Temp\\rust_mozprofileIGD6oe"
console.warn: SearchSettings: "get: No settings file exists, new profile?" (new Error("", "(unknown module)"))
1621599491995	Marionette	INFO	Listening on port 53766
1621599492242	Marionette	WARN	TLS certificate errors will be ignored for this session
JavaScript error: https://a2oj.netlify.app/codeforces.html?handle=KC2002, line 538: TypeError: google.visualization.arrayToDataTable is not a constructor
JavaScript error: https://a2oj.netlify.app/codeforces.html?handle=KC2002, line 972: TypeError: document.querySelector(...) is null
1621599509685	Marionette	INFO	Stopped listening on port 53766
JavaScript error: resource://gre/modules/UrlClassifierListManager.jsm, line 691: TypeError: this.tablesData[table] is undefined
[Parent 17620, IPC I/O Parent] WARNING: file /builds/worker/checkouts/gecko/ipc/chromium/src/base/process_util_win.cc:167

###!!! [Child][RunMessage] Error: Channel closing: too late to send/recv, messages will be lost

1621599561465	geckodriver	INFO	Listening on 127.0.0.1:53838
1621599564505	mozrunner::runner	INFO	Running command: "C:\\Program Files\\Mozilla Firefox\\firefox.exe" "--marionette" "-foreground" "-no-remote" "-profile" "C:\\Users\\migue\\AppData\\Local\\Temp\\rust_mozprofileV0fk7Y"
console.warn: SearchSettings: "get: No settings file exists, new profile?" (new Error("", "(unknown module)"))
1621599570604	Marionette	INFO	Listening on port 53847
1621599570945	Marionette	WARN	TLS certificate errors will be ignored for this session
JavaScript error: https://a2oj.netlify.app/codeforces.html?handle=Ahmad_Zaaroura, line 538: TypeError: google.visualization.arrayToDataTable is not a constructor
JavaScript error: https://a2oj.netlify.app/codeforces.html?handle=Ahmad_Zaaroura, line 972: TypeError: document.querySelector(...) is null
1621599614865	Marionette	INFO	Stopped listening on port 53847

###!!! [Child][RunMessage] Error: Channel closing: too late to send/recv, messages will be lost

1621599618182	geckodriver	INFO	Listening on 127.0.0.1:53917
1621599621211	mozrunner::runner	INFO	Running command: "C:\\Program Files\\Mozilla Firefox\\firefox.exe" "--marionette" "-foreground" "-no-remote" "-profile" "C:\\Users\\migue\\AppData\\Local\\Temp\\rust_mozprofilevoxbvQ"
console.warn: SearchSettings: "get: No settings file exists, new profile?" (new Error("", "(unknown module)"))
1621599626837	Marionette	INFO	Listening on port 53925
1621599627094	Marionette	WARN	TLS certificate errors will be ignored for this session
JavaScript error: https://a2oj.netlify.app/codeforces.html?handle=KC2002, line 972: TypeError: document.querySelector(...) is null
1621599643155	Marionette	INFO	Stopped listening on port 53925

###!!! [Child][RunMessage] Error: Channel closing: too late to send/recv, messages will be lost

1621599666415	geckodriver	INFO	Listening on 127.0.0.1:53990
1621599669480	mozrunner::runner	INFO	Running command: "C:\\Program Files\\Mozilla Firefox\\firefox.exe" "--marionette" "-foreground" "-no-remote" "-profile" "C:\\Users\\migue\\AppData\\Local\\Temp\\rust_mozprofilevIXWZi"
console.warn: SearchSettings: "get: No settings file exists, new profile?" (new Error("", "(unknown module)"))
1621599676037	Marionette	INFO	Listening on port 53998
1621599676457	Marionette	WARN	TLS certificate errors will be ignored for this session
JavaScript error: https://a2oj.netlify.app/codeforces.html?handle=Ahmad_Zaaroura, line 538: TypeError: google.visualization.arrayToDataTable is not a constructor
JavaScript error: https://a2oj.netlify.app/codeforces.html?handle=Ahmad_Zaaroura, line 972: TypeError: document.querySelector(...) is null
1621599692074	Marionette	INFO	Stopped listening on port 53998
[Parent 14032, IPC I/O Parent] WARNING: file /builds/worker/checkouts/gecko/ipc/chromium/src/base/process_util_win.cc:167

###!!! [Child][RunMessage] Error: Channel closing: too late to send/recv, messages will be lost

1621599695141	geckodriver	INFO	Listening on 127.0.0.1:54070
1621599698216	mozrunner::runner	INFO	Running command: "C:\\Program Files\\Mozilla Firefox\\firefox.exe" "--marionette" "-foreground" "-no-remote" "-profile" "C:\\Users\\migue\\AppData\\Local\\Temp\\rust_mozprofileiSxJSO"
console.warn: SearchSettings: "get: No settings file exists, new profile?" (new Error("", "(unknown module)"))
1621599703694	Marionette	INFO	Listening on port 54078
1621599704114	Marionette	WARN	TLS certificate errors will be ignored for this session
JavaScript error: https://a2oj.netlify.app/codeforces.html?handle=KC2002, line 538: TypeError: google.visualization.arrayToDataTable is not a constructor
JavaScript error: https://a2oj.netlify.app/codeforces.html?handle=KC2002, line 972: TypeError: document.querySelector(...) is null
1621599729103	Marionette	INFO	Stopped listening on port 54078

###!!! [Child][RunMessage] Error: Channel closing: too late to send/recv, messages will be lost

1621599773795	geckodriver	INFO	Listening on 127.0.0.1:54147
1621599776833	mozrunner::runner	INFO	Running command: "C:\\Program Files\\Mozilla Firefox\\firefox.exe" "--marionette" "-foreground" "-no-remote" "-profile" "C:\\Users\\migue\\AppData\\Local\\Temp\\rust_mozprofileJIugLm"
console.warn: SearchSettings: "get: No settings file exists, new profile?" (new Error("", "(unknown module)"))
1621599782349	Marionette	INFO	Listening on port 54155
1621599782653	Marionette	WARN	TLS certificate errors will be ignored for this session
JavaScript error: https://a2oj.netlify.app/codeforces.html?handle=Ahmad_Zaaroura, line 549: TypeError: google.visualization.PieChart is not a constructor
JavaScript error: https://a2oj.netlify.app/codeforces.html?handle=Ahmad_Zaaroura, line 972: TypeError: document.querySelector(...) is null
1621599798536	Marionette	INFO	Stopped listening on port 54155

###!!! [Child][RunMessage] Error: Channel closing: too late to send/recv, messages will be lost

1621599801890	geckodriver	INFO	Listening on 127.0.0.1:54209
1621599804917	mozrunner::runner	INFO	Running command: "C:\\Program Files\\Mozilla Firefox\\firefox.exe" "--marionette" "-foreground" "-no-remote" "-profile" "C:\\Users\\migue\\AppData\\Local\\Temp\\rust_mozprofilePYMtot"
console.warn: SearchSettings: "get: No settings file exists, new profile?" (new Error("", "(unknown module)"))
1621599810312	Marionette	INFO	Listening on port 54217
1621599810803	Marionette	WARN	TLS certificate errors will be ignored for this session
JavaScript error: https://a2oj.netlify.app/codeforces.html?handle=KC2002, line 538: TypeError: google.visualization.arrayToDataTable is not a constructor
JavaScript error: https://a2oj.netlify.app/codeforces.html?handle=KC2002, line 972: TypeError: document.querySelector(...) is null
1621599827720	Marionette	INFO	Stopped listening on port 54217

###!!! [Child][RunMessage] Error: Channel closing: too late to send/recv, messages will be lost

1621599867343	geckodriver	INFO	Listening on 127.0.0.1:54288
1621599870379	mozrunner::runner	INFO	Running command: "C:\\Program Files\\Mozilla Firefox\\firefox.exe" "--marionette" "-foreground" "-no-remote" "-profile" "C:\\Users\\migue\\AppData\\Local\\Temp\\rust_mozprofileohS9au"
console.warn: SearchSettings: "get: No settings file exists, new profile?" (new Error("", "(unknown module)"))
1621599875908	Marionette	INFO	Listening on port 54297
1621599876323	Marionette	WARN	TLS certificate errors will be ignored for this session
JavaScript error: https://a2oj.netlify.app/codeforces.html?handle=Ahmad_Zaaroura, line 549: TypeError: google.visualization.PieChart is not a constructor
JavaScript error: https://a2oj.netlify.app/codeforces.html?handle=Ahmad_Zaaroura, line 972: TypeError: document.querySelector(...) is null
1621599895254	Marionette	INFO	Stopped listening on port 54297
[Parent 2020, IPC I/O Parent] WARNING: file /builds/worker/checkouts/gecko/ipc/chromium/src/base/process_util_win.cc:167

###!!! [Child][RunMessage] Error: Channel closing: too late to send/recv, messages will be lost

1621599899593	geckodriver	INFO	Listening on 127.0.0.1:54350
1621599902642	mozrunner::runner	INFO	Running command: "C:\\Program Files\\Mozilla Firefox\\firefox.exe" "--marionette" "-foreground" "-no-remote" "-profile" "C:\\Users\\migue\\AppData\\Local\\Temp\\rust_mozprofilePW5MNO"
console.warn: SearchSettings: "get: No settings file exists, new profile?" (new Error("", "(unknown module)"))
1621599908830	Marionette	INFO	Listening on port 54358
1621599909040	Marionette	WARN	TLS certificate errors will be ignored for this session
JavaScript error: https://a2oj.netlify.app/codeforces.html?handle=KC2002, line 549: TypeError: google.visualization.PieChart is not a constructor
JavaScript error: https://a2oj.netlify.app/codeforces.html?handle=KC2002, line 972: TypeError: document.querySelector(...) is null
1621599938025	Marionette	INFO	Stopped listening on port 54358
1621604872741	geckodriver	INFO	Listening on 127.0.0.1:54592
1621604875788	mozrunner::runner	INFO	Running command: "C:\\Program Files\\Mozilla Firefox\\firefox.exe" "--marionette" "-foreground" "-no-remote" "-profile" "C:\\Users\\migue\\AppData\\Local\\Temp\\rust_mozprofilegURL08"
console.warn: SearchSettings: "get: No settings file exists, new profile?" (new Error("", "(unknown module)"))
1621604881582	Marionette	INFO	Listening on port 54600
1621604882107	Marionette	WARN	TLS certificate errors will be ignored for this session
JavaScript error: https://a2oj.netlify.app/codeforces.html?handle=Ahmad_Zaaroura, line 538: TypeError: google.visualization.arrayToDataTable is not a constructor
JavaScript error: https://a2oj.netlify.app/codeforces.html?handle=Ahmad_Zaaroura, line 972: TypeError: document.querySelector(...) is null
1621604900015	Marionette	INFO	Stopped listening on port 54600
JavaScript error: resource://activity-stream/lib/ASRouter.jsm, line 988: NS_ERROR_ILLEGAL_VALUE: Component returned failure code: 0x80070057 (NS_ERROR_ILLEGAL_VALUE) [nsIObserverService.removeObserver]

###!!! [Child][RunMessage] Error: Channel closing: too late to send/recv, messages will be lost

1621604902716	geckodriver	INFO	Listening on 127.0.0.1:54659
1621604905768	mozrunner::runner	INFO	Running command: "C:\\Program Files\\Mozilla Firefox\\firefox.exe" "--marionette" "-foreground" "-no-remote" "-profile" "C:\\Users\\migue\\AppData\\Local\\Temp\\rust_mozprofile6KYIc5"
console.warn: SearchSettings: "get: No settings file exists, new profile?" (new Error("", "(unknown module)"))
1621604912495	Marionette	INFO	Listening on port 54667
1621604912749	Marionette	WARN	TLS certificate errors will be ignored for this session
JavaScript error: https://a2oj.netlify.app/codeforces.html?handle=KC2002, line 538: TypeError: google.visualization.arrayToDataTable is not a constructor
JavaScript error: https://a2oj.netlify.app/codeforces.html?handle=KC2002, line 972: TypeError: document.querySelector(...) is null
1621604938881	Marionette	INFO	Stopped listening on port 54667

###!!! [Child][RunMessage] Error: Channel closing: too late to send/recv, messages will be lost

1621605003746	geckodriver	INFO	Listening on 127.0.0.1:54736
1621605006782	mozrunner::runner	INFO	Running command: "C:\\Program Files\\Mozilla Firefox\\firefox.exe" "--marionette" "-foreground" "-no-remote" "-profile" "C:\\Users\\migue\\AppData\\Local\\Temp\\rust_mozprofilePDYwp6"
console.warn: SearchSettings: "get: No settings file exists, new profile?" (new Error("", "(unknown module)"))
1621605012443	Marionette	INFO	Listening on port 54744
1621605012613	Marionette	WARN	TLS certificate errors will be ignored for this session
JavaScript error: https://a2oj.netlify.app/codeforces.html?handle=Ahmad_Zaaroura, line 549: TypeError: google.visualization.PieChart is not a constructor
JavaScript error: https://a2oj.netlify.app/codeforces.html?handle=Ahmad_Zaaroura, line 972: TypeError: document.querySelector(...) is null
1621605028300	Marionette	INFO	Stopped listening on port 54744
JavaScript error: resource://gre/modules/UrlClassifierListManager.jsm, line 691: TypeError: this.tablesData[table] is undefined

###!!! [Child][RunMessage] Error: Channel closing: too late to send/recv, messages will be lost

1621605030764	geckodriver	INFO	Listening on 127.0.0.1:54802
1621605033839	mozrunner::runner	INFO	Running command: "C:\\Program Files\\Mozilla Firefox\\firefox.exe" "--marionette" "-foreground" "-no-remote" "-profile" "C:\\Users\\migue\\AppData\\Local\\Temp\\rust_mozprofilego2G3P"
console.warn: SearchSettings: "get: No settings file exists, new profile?" (new Error("", "(unknown module)"))
1621605040301	Marionette	INFO	Listening on port 54810
1621605040766	Marionette	WARN	TLS certificate errors will be ignored for this session
JavaScript error: https://a2oj.netlify.app/codeforces.html?handle=KC2002, line 549: TypeError: google.visualization.PieChart is not a constructor
JavaScript error: https://a2oj.netlify.app/codeforces.html?handle=KC2002, line 972: TypeError: document.querySelector(...) is null
1621605056621	Marionette	INFO	Stopped listening on port 54810
JavaScript error: resource://activity-stream/lib/ASRouter.jsm, line 988: NS_ERROR_ILLEGAL_VALUE: Component returned failure code: 0x80070057 (NS_ERROR_ILLEGAL_VALUE) [nsIObserverService.removeObserver]

###!!! [Child][RunMessage] Error: Channel closing: too late to send/recv, messages will be lost

1621605085785	geckodriver	INFO	Listening on 127.0.0.1:54866
1621605088842	mozrunner::runner	INFO	Running command: "C:\\Program Files\\Mozilla Firefox\\firefox.exe" "--marionette" "-foreground" "-no-remote" "-profile" "C:\\Users\\migue\\AppData\\Local\\Temp\\rust_mozprofile2tPjww"
console.warn: SearchSettings: "get: No settings file exists, new profile?" (new Error("", "(unknown module)"))
1621605094530	Marionette	INFO	Listening on port 54874
1621605094715	Marionette	WARN	TLS certificate errors will be ignored for this session
JavaScript error: https://a2oj.netlify.app/codeforces.html?handle=Ahmad_Zaaroura, line 972: TypeError: document.querySelector(...) is null
1621605111408	Marionette	INFO	Stopped listening on port 54874
[Parent 5108, IPC I/O Parent] WARNING: file /builds/worker/checkouts/gecko/ipc/chromium/src/base/process_util_win.cc:167
JavaScript error: resource://gre/modules/AsyncShutdown.jsm, line 716: Error: Phase "Sqlite.jsm: wait until all connections are closed" is finished, it is too late to register completion condition "protections.sqlite#0: waiting for shutdown"

###!!! [Child][RunMessage] Error: Channel closing: too late to send/recv, messages will be lost

1621605115300	geckodriver	INFO	Listening on 127.0.0.1:54926
1621605118327	mozrunner::runner	INFO	Running command: "C:\\Program Files\\Mozilla Firefox\\firefox.exe" "--marionette" "-foreground" "-no-remote" "-profile" "C:\\Users\\migue\\AppData\\Local\\Temp\\rust_mozprofileuuHz2N"
console.warn: SearchSettings: "get: No settings file exists, new profile?" (new Error("", "(unknown module)"))
1621605123992	Marionette	INFO	Listening on port 54934
1621605124122	Marionette	WARN	TLS certificate errors will be ignored for this session
JavaScript error: https://a2oj.netlify.app/codeforces.html?handle=KC2002, line 538: TypeError: google.visualization.arrayToDataTable is not a constructor
JavaScript error: https://a2oj.netlify.app/codeforces.html?handle=KC2002, line 549: TypeError: google.visualization.PieChart is not a constructor
JavaScript error: https://a2oj.netlify.app/codeforces.html?handle=KC2002, line 972: TypeError: document.querySelector(...) is null
1621605142756	Marionette	INFO	Stopped listening on port 54934
JavaScript error: resource://gre/modules/UrlClassifierListManager.jsm, line 691: TypeError: this.tablesData[table] is undefined
[Parent 18476, IPC I/O Parent] WARNING: file /builds/worker/checkouts/gecko/ipc/chromium/src/base/process_util_win.cc:167

###!!! [Child][RunMessage] Error: Channel closing: too late to send/recv, messages will be lost

1621605252272	geckodriver	INFO	Listening on 127.0.0.1:55029
1621605255289	mozrunner::runner	INFO	Running command: "C:\\Program Files\\Mozilla Firefox\\firefox.exe" "--marionette" "-foreground" "-no-remote" "-profile" "C:\\Users\\migue\\AppData\\Local\\Temp\\rust_mozprofilewbh5aT"
console.warn: SearchSettings: "get: No settings file exists, new profile?" (new Error("", "(unknown module)"))
1621605260785	Marionette	INFO	Listening on port 55038
1621605261146	Marionette	WARN	TLS certificate errors will be ignored for this session
JavaScript error: https://a2oj.netlify.app/codeforces.html?handle=Ahmad_Zaaroura, line 538: TypeError: google.visualization.arrayToDataTable is not a constructor
JavaScript error: https://a2oj.netlify.app/codeforces.html?handle=Ahmad_Zaaroura, line 972: TypeError: document.querySelector(...) is null
1621605295177	Marionette	INFO	Stopped listening on port 55038

###!!! [Child][RunMessage] Error: Channel closing: too late to send/recv, messages will be lost

1621605297638	geckodriver	INFO	Listening on 127.0.0.1:55093
1621605300672	mozrunner::runner	INFO	Running command: "C:\\Program Files\\Mozilla Firefox\\firefox.exe" "--marionette" "-foreground" "-no-remote" "-profile" "C:\\Users\\migue\\AppData\\Local\\Temp\\rust_mozprofileU7I6Z2"
console.warn: SearchSettings: "get: No settings file exists, new profile?" (new Error("", "(unknown module)"))
1621605307323	Marionette	INFO	Listening on port 55101
1621605307634	Marionette	WARN	TLS certificate errors will be ignored for this session
JavaScript error: https://a2oj.netlify.app/codeforces.html?handle=KC2002, line 549: TypeError: google.visualization.PieChart is not a constructor
JavaScript error: https://a2oj.netlify.app/codeforces.html?handle=KC2002, line 972: TypeError: document.querySelector(...) is null
1621605325763	Marionette	INFO	Stopped listening on port 55101

###!!! [Child][RunMessage] Error: Channel closing: too late to send/recv, messages will be lost

